SF:lib/src/model_test_generator.dart
DA:18,1
DA:25,1
DA:27,2
DA:28,2
DA:29,3
DA:31,2
DA:33,1
DA:34,2
DA:36,1
DA:37,1
DA:40,2
DA:43,3
LF:12
LH:12
end_of_record
SF:lib/src/instance_helper.dart
DA:11,1
DA:12,3
DA:14,3
DA:15,3
DA:17,3
DA:18,2
DA:19,0
DA:21,2
DA:25,3
DA:26,1
DA:27,2
DA:29,3
DA:30,2
DA:32,0
DA:36,1
DA:38,1
DA:42,1
DA:45,3
DA:46,3
DA:47,1
DA:48,1
DA:49,1
DA:51,1
DA:54,1
DA:58,5
DA:59,0
DA:61,2
DA:65,3
DA:66,1
DA:67,1
DA:68,1
DA:70,1
DA:73,1
DA:77,3
DA:78,0
DA:80,2
DA:84,1
DA:86,1
DA:87,1
DA:89,1
DA:94,1
DA:95,1
DA:96,2
DA:97,1
DA:98,3
DA:106,1
DA:107,1
DA:108,2
DA:109,3
LF:49
LH:45
end_of_record
SF:lib/src/test_helper.dart
DA:9,0
DA:10,0
DA:11,0
DA:12,0
DA:13,0
DA:15,0
DA:19,0
DA:23,0
DA:24,0
DA:25,0
DA:26,0
DA:27,0
DA:29,0
DA:30,0
DA:32,0
DA:34,0
DA:36,0
DA:40,0
DA:44,0
DA:45,0
DA:46,0
DA:47,0
DA:48,0
DA:49,0
DA:51,0
DA:53,0
DA:54,0
DA:55,0
DA:56,0
DA:57,0
DA:58,0
DA:59,0
DA:62,0
DA:64,0
LF:34
LH:0
end_of_record
SF:lib/src/generator_helper.dart
DA:14,1
DA:17,1
DA:18,1
DA:19,2
DA:20,0
DA:22,0
DA:24,0
DA:30,0
DA:31,0
DA:32,0
DA:33,0
DA:34,0
DA:38,0
DA:39,0
DA:40,0
DA:45,0
DA:48,0
DA:49,0
LF:18
LH:4
end_of_record
SF:lib/src/parameter_helper.dart
DA:9,3
DA:14,1
DA:15,1
DA:17,2
DA:18,1
DA:19,2
DA:29,1
DA:30,1
DA:32,2
DA:33,1
DA:34,2
DA:44,1
DA:45,1
DA:47,2
DA:48,1
DA:49,2
DA:59,1
DA:60,1
DA:62,2
DA:63,1
DA:64,2
LF:21
LH:21
end_of_record
SF:lib/src/helper_core.dart
DA:9,1
DA:15,0
DA:17,0
DA:20,0
DA:26,0
DA:27,0
DA:30,0
DA:32,0
DA:35,0
DA:36,0
DA:37,0
DA:38,0
DA:41,0
DA:43,0
LF:14
LH:1
end_of_record
SF:lib/src/modifed_instance.dart
DA:6,2
LF:1
LH:1
end_of_record
SF:lib/src/type_to_code.dart
DA:7,2
DA:12,2
DA:14,2
DA:15,4
DA:16,1
DA:18,1
DA:20,1
DA:22,1
DA:23,1
DA:24,3
DA:25,1
DA:26,4
DA:28,1
DA:30,2
LF:14
LH:14
end_of_record
