SF:lib/src/helper_core.dart
DA:9,3
DA:15,2
DA:17,4
DA:20,4
DA:26,1
DA:27,2
DA:30,1
DA:31,2
DA:32,3
DA:33,1
DA:36,1
DA:38,6
LF:12
LH:12
end_of_record
SF:lib/src/model_test_generator.dart
DA:18,1
DA:25,1
DA:27,2
DA:28,2
DA:29,3
DA:31,2
DA:33,1
DA:34,2
DA:36,1
DA:37,1
DA:40,2
DA:43,3
LF:12
LH:12
end_of_record
SF:lib/src/parameter_helper.dart
DA:9,6
DA:14,2
DA:15,2
DA:17,4
DA:18,2
DA:19,4
DA:29,2
DA:30,2
DA:32,4
DA:33,2
DA:34,4
DA:44,2
DA:45,2
DA:47,4
DA:48,2
DA:49,4
DA:59,2
DA:60,2
DA:62,4
DA:63,2
DA:64,4
LF:21
LH:21
end_of_record
SF:lib/src/generator_helper.dart
DA:14,2
DA:17,2
DA:18,3
DA:19,9
DA:20,5
DA:22,1
DA:24,3
DA:30,1
DA:31,1
DA:32,1
DA:33,1
DA:34,1
DA:38,1
DA:39,3
DA:40,1
DA:45,1
DA:48,3
DA:49,1
LF:18
LH:18
end_of_record
SF:lib/src/instance_helper.dart
DA:11,2
DA:12,6
DA:14,6
DA:15,6
DA:16,4
DA:19,6
DA:20,2
DA:21,4
DA:22,4
DA:25,2
DA:27,2
DA:31,2
DA:34,6
DA:35,6
DA:36,2
DA:37,2
DA:38,2
DA:40,2
DA:43,2
DA:47,4
DA:50,6
DA:51,2
DA:52,2
DA:53,2
DA:55,2
DA:58,2
DA:62,4
DA:65,2
DA:67,2
DA:68,2
DA:70,2
DA:75,2
DA:76,2
DA:77,4
DA:78,2
DA:79,6
DA:87,2
DA:88,2
DA:89,4
DA:90,6
LF:40
LH:40
end_of_record
SF:lib/src/test_helper.dart
DA:9,1
DA:10,1
DA:11,1
DA:12,2
DA:13,1
DA:15,1
DA:19,1
DA:23,1
DA:24,1
DA:25,2
DA:26,1
DA:27,2
DA:29,1
DA:30,1
DA:32,1
DA:34,1
DA:36,1
DA:40,1
DA:44,1
DA:45,1
DA:46,1
DA:47,2
DA:48,1
DA:49,1
DA:51,2
DA:53,2
DA:54,1
DA:55,3
DA:56,1
DA:57,1
DA:58,1
DA:59,1
DA:62,1
DA:64,1
LF:34
LH:34
end_of_record
SF:lib/src/modifed_instance.dart
DA:6,3
LF:1
LH:1
end_of_record
SF:lib/src/type_to_code.dart
DA:7,3
DA:12,3
DA:14,3
DA:15,6
DA:16,1
DA:18,1
DA:20,1
DA:22,1
DA:23,1
DA:24,3
DA:25,1
DA:26,4
DA:28,1
DA:30,2
LF:14
LH:14
end_of_record
